app/build/intermediates/manifest_merge_blame_file/debug/manifest-merger-blame-debug-report.txt
1<?xml version="1.0" encoding="utf-8"?>
2<manifest xmlns:android="http://schemas.android.com/apk/res/android"
3    package="com.here.routing"
4    android:versionCode="1"
5    android:versionName="1.0" >
6
7    <uses-sdk
8        android:minSdkVersion="21"
8-->src\main\AndroidManifest.xml
9        android:targetSdkVersion="33" />
9-->src\main\AndroidManifest.xml
10
11    <uses-permission android:name="android.permission.INTERNET" />
11-->src\main\AndroidManifest.xml:7:5-67
11-->src\main\AndroidManifest.xml:7:22-64
12    <uses-permission android:name="android.permission.ACCESS_NETWORK_STATE" />
12-->src\main\AndroidManifest.xml:8:5-79
12-->src\main\AndroidManifest.xml:8:22-76
13
14    <application
14-->src\main\AndroidManifest.xml:10:5-36:19
15        android:allowBackup="true"
15-->src\main\AndroidManifest.xml:11:9-35
16        android:appComponentFactory="androidx.core.app.CoreComponentFactory"
16-->[androidx.core:core:1.5.0] AndroidManifest.xml:24:18-86
17        android:debuggable="true"
18        android:icon="@mipmap/ic_launcher"
18-->src\main\AndroidManifest.xml:12:9-43
19        android:label="@string/app_name"
19-->src\main\AndroidManifest.xml:13:9-41
20        android:roundIcon="@mipmap/ic_launcher_round"
20-->src\main\AndroidManifest.xml:14:9-54
21        android:supportsRtl="true"
21-->src\main\AndroidManifest.xml:15:9-35
22        android:testOnly="true"
23        android:theme="@style/AppTheme" >
23-->src\main\AndroidManifest.xml:16:9-40
24        <activity
24-->src\main\AndroidManifest.xml:26:9-35:20
25            android:name="com.here.routing.MainActivity"
25-->src\main\AndroidManifest.xml:26:19-47
26            android:configChanges="orientation|screenSize|screenLayout|keyboardHidden"
26-->src\main\AndroidManifest.xml:28:19-93
27            android:exported="true" >
27-->src\main\AndroidManifest.xml:27:19-42
28            <intent-filter>
28-->src\main\AndroidManifest.xml:29:13-34:29
29                <action android:name="android.intent.action.MAIN" />
29-->src\main\AndroidManifest.xml:30:17-69
29-->src\main\AndroidManifest.xml:30:25-66
30                <action android:name="android.intent.action.VIEW" />
30-->src\main\AndroidManifest.xml:31:17-69
30-->src\main\AndroidManifest.xml:31:25-66
31
32                <category android:name="android.intent.category.LAUNCHER" />
32-->src\main\AndroidManifest.xml:33:17-77
32-->src\main\AndroidManifest.xml:33:27-74
33            </intent-filter>
34        </activity>
35    </application>
36
37</manifest>